Unity Editor version:    6000.2.6f2 (4a4dcaec6541)
Branch:                  6000.2/respin/6000.2.6f2-cc51a95c03
Build type:              Release
Batch mode:              YES
macOS version:           Version 15.6.1 (Build 24G90)
Darwin version:          24.6.0
Architecture:            arm64
Running under Rosetta:   NO
Available memory:        8192 MB
Date:                    2025-12-17T06:54:43Z
[Licensing::Module] Trying to connect to existing licensing client channel...
[Licensing::IpcConnector] Successfully connected to: "LicenseClient-shaina" at "2025-12-17T06:54:43.034858Z"

COMMAND LINE ARGUMENTS:
/Applications/Unity/Hub/Editor/6000.2.6f2/Unity.app/Contents/MacOS/Unity
-adb2
-batchMode
-noUpm
-name
AssetImportWorker4
-projectPath
/Users/shaina/Monsterguard
-logFile
Logs/AssetImportWorker4.log
-srvPort
57447
-licensingIpc
LicenseClient-shaina
-job-worker-count
3
-background-job-worker-count
8
-gc-helper-count
1
-name AssetImport
Successfully changed project path to: /Users/shaina/Monsterguard
/Users/shaina/Monsterguard
[UnityMemory] Configuration Parameters - Can be set up in boot.config
    "memorysetup-allocator-temp-initial-block-size-main=262144"
    "memorysetup-allocator-temp-initial-block-size-worker=262144"
    "memorysetup-bucket-allocator-granularity=16"
    "memorysetup-bucket-allocator-bucket-count=8"
    "memorysetup-bucket-allocator-block-size=33554432"
    "memorysetup-bucket-allocator-block-count=8"
    "memorysetup-main-allocator-block-size=16777216"
    "memorysetup-thread-allocator-block-size=16777216"
    "memorysetup-gfx-main-allocator-block-size=16777216"
    "memorysetup-gfx-thread-allocator-block-size=16777216"
    "memorysetup-cache-allocator-block-size=4194304"
    "memorysetup-typetree-allocator-block-size=2097152"
    "memorysetup-profiler-bucket-allocator-granularity=16"
    "memorysetup-profiler-bucket-allocator-bucket-count=8"
    "memorysetup-profiler-bucket-allocator-block-size=33554432"
    "memorysetup-profiler-bucket-allocator-block-count=8"
    "memorysetup-profiler-allocator-block-size=16777216"
    "memorysetup-profiler-editor-allocator-block-size=1048576"
    "memorysetup-temp-allocator-size-main=16777216"
    "memorysetup-job-temp-allocator-block-size=2097152"
    "memorysetup-job-temp-allocator-block-size-background=1048576"
    "memorysetup-job-temp-allocator-reduction-small-platforms=262144"
    "memorysetup-temp-allocator-size-background-worker=32768"
    "memorysetup-temp-allocator-size-job-worker=262144"
    "memorysetup-temp-allocator-size-preload-manager=33554432"
    "memorysetup-temp-allocator-size-nav-mesh-worker=65536"
    "memorysetup-temp-allocator-size-audio-worker=65536"
    "memorysetup-temp-allocator-size-cloud-worker=32768"
    "memorysetup-temp-allocator-size-gi-baking-worker=262144"
    "memorysetup-temp-allocator-size-gi-baking-worker=262144"
    "memorysetup-temp-allocator-size-gi-baking-worker=262144"
    "memorysetup-temp-allocator-size-gi-baking-worker=262144"
    "memorysetup-temp-allocator-size-gi-baking-worker=262144"
    "memorysetup-temp-allocator-size-gfx=262144"
Player connection [8643780800]  Target information:

Player connection [8643780800]  * "[IP] 140.118.223.143 [Port] 0 [Flags] 2 [Guid] 3636866152 [EditorId] 3636866152 [Version] 1048832 [Id] OSXEditor(0,ip223-143.wifi.ntust.edu.tw) [Debug] 1 [PackageName] OSXEditor [ProjectName] Editor" 

Player connection [8643780800] Host joined multi-casting on [225.0.0.222:54997]...
Player connection [8643780800] Host joined alternative multi-casting on [225.0.0.222:34997]...
JobSystem: Creating JobQueue using job-worker-count value 3
Input System module state changed to: Initialized.
[Physics::Module] Initialized fallback backend.
[Physics::Module] Id: 0xdecafbad
[Licensing::Client] Code 10 while verifying Licensing Client signature (process Id: 70423, path: "/Applications/Unity Hub.app/Contents/Frameworks/UnityLicensingClient_V1.app/Contents/MacOS/Unity.Licensing.Client")
[Licensing::Module] LicensingClient has failed validation; ignoring
[Licensing::Client] Handshaking with LicensingClient:
  Version:                 1.17.4+4293ba1
  Session Id:              9272ce337e794880b7da2723ab59df18
  Correlation Id:          55861b7bf9d28cc717e745ddd75194f7
  External correlation Id: 4584865777534609876
  Machine Id:              obqplCMbUn6xjreJwZ95ooJGSMo=
[Licensing::Module] Successfully connected to LicensingClient on channel: "LicenseClient-shaina" (connect: 0.00s, validation: 0.00s, handshake: 0.37s)
[Licensing::IpcConnector] Successfully connected to: "LicenseClient-shaina-notifications" at "2025-12-17T06:54:43.403365Z"
[Licensing::Module] Licensing Background thread has ended after 0.37s
Library Redirect Path: Library/
[Physics::Module] Selected backend.
[Physics::Module] Name: PhysX
[Physics::Module] Id: 0xf2b8ea05
[Physics::Module] SDK Version: 4.1.2
[Physics::Module] Integration Version: 1.0.0
[Physics::Module] Threading Mode: Multi-Threaded
Refreshing native plugins compatible for Editor in 3.82 ms, found 3 plugins.
Preloading 0 native plugins for Editor in 0.00 ms.
Initialize engine version: 6000.2.6f2 (4a4dcaec6541)
[Subsystems] Discovering subsystems at path /Applications/Unity/Hub/Editor/6000.2.6f2/Unity.app/Contents/Resources/UnitySubsystems
[Subsystems] Discovering subsystems at path /Users/shaina/Monsterguard/Assets
GfxDevice: creating device client; kGfxThreadingModeNonThreaded
 preferred device: Apple M1 (high power)
Metal devices available: 1
0: Apple M1 (high power)
Using device Apple M1 (high power)
Initializing Metal device caps: Apple M1
Mac GPU Family: 2
Apple GPU Family: 7
MSL Version: 3.0
Has Float MSAA: 1
Has Float Filtering: 1
ReadWrite Texture Tier: 2
Initialize mono
Mono path[0] = '/Applications/Unity/Hub/Editor/6000.2.6f2/Unity.app/Contents/Managed'
Mono path[1] = '/Applications/Unity/Hub/Editor/6000.2.6f2/Unity.app/Contents/MonoBleedingEdge/lib/mono/unityjit-macos'
Mono config path = '/Applications/Unity/Hub/Editor/6000.2.6f2/Unity.app/Contents/MonoBleedingEdge/etc'
Using monoOptions --debugger-agent=transport=dt_socket,embedding=1,server=y,suspend=n,address=127.0.0.1:56110
Begin MonoManager ReloadAssembly
Registering precompiled unity dll's ...
Register platform support module: /Applications/Unity/Hub/Editor/6000.2.6f2/PlaybackEngines/WebGLSupport/UnityEditor.WebGL.Extensions.dll
Register platform support module: /Applications/Unity/Hub/Editor/6000.2.6f2/Unity.app/Contents/PlaybackEngines/MacStandaloneSupport/UnityEditor.OSXStandalone.Extensions.dll
Register platform support module: /Applications/Unity/Hub/Editor/6000.2.6f2/PlaybackEngines/WindowsStandaloneSupport/UnityEditor.WindowsStandalone.Extensions.dll
[Licensing::Client] Successfully resolved entitlement details
[Licensing::Module] License group:
  Id: F4-4MJP-GH87-RW5W-EW57-XXXX
  Product: Unity Personal
  Type: ULF
  Expiration: 2025-12-29T06:28:10Z
[Licensing::Module] License group:
  Id: ewogICJzdWJzR3JvdXAiIDogInVuaXR5IGVkaXRvciIsCiAgIm5hbWVzcGFjZSIgOiAidW5pdHlfZWRpdG9yIiwKICAidHlwZSIgOiAiRURJVE9SIiwKICAidGFnIiA6ICJVbml0eVBlcnNvbmFsXXXX
  Product: Unity Personal Version
  Type: Assigned
  Expiration: Unlimited
Register platform support module: /Applications/Unity/Hub/Editor/6000.2.6f2/PlaybackEngines/iOSSupport/UnityEditor.iOS.Extensions.dll
Registered in 0.003162 seconds.
- Loaded All Assemblies, in  0.339 seconds
[usbmuxd] Start listen thread
[usbmuxd] Listen thread started
[usbmuxd] Send listen message
Native extension for iOS target not found
Native extension for WindowsStandalone target not found
Native extension for OSXStandalone target not found
Native extension for WebGL target not found
Mono: successfully reloaded assembly
- Finished resetting the current domain, in  0.321 seconds
Domain Reload Profiling: 660ms
	BeginReloadAssembly (104ms)
		ExecutionOrderSort (0ms)
		DisableScriptedObjects (0ms)
		BackupInstance (0ms)
		ReleaseScriptingObjects (0ms)
		CreateAndSetChildDomain (0ms)
	RebuildCommonClasses (34ms)
	RebuildNativeTypeToScriptingClass (11ms)
	initialDomainReloadingComplete (38ms)
	LoadAllAssembliesAndSetupDomain (151ms)
		LoadAssemblies (105ms)
		RebuildTransferFunctionScriptingTraits (0ms)
		AnalyzeDomain (148ms)
			TypeCache.Refresh (146ms)
				TypeCache.ScanAssembly (134ms)
			BuildScriptInfoCaches (0ms)
			ResolveRequiredComponents (1ms)
	FinalizeReload (321ms)
		ReleaseScriptCaches (0ms)
		RebuildScriptCaches (0ms)
		SetupLoadedEditorAssemblies (285ms)
			LogAssemblyErrors (0ms)
			InitializePlatformSupportModulesInManaged (96ms)
			SetLoadedEditorAssemblies (4ms)
			BeforeProcessingInitializeOnLoad (53ms)
			ProcessInitializeOnLoadAttributes (91ms)
			ProcessInitializeOnLoadMethodAttributes (42ms)
			AfterProcessingInitializeOnLoad (0ms)
			EditorAssembliesLoaded (0ms)
		ExecutionOrderSort2 (0ms)
		AwakeInstancesAfterBackupRestoration (0ms)
========================================================================
Worker process is ready to serve import requests
Import Worker Mode flag is 0x00
Begin MonoManager ReloadAssembly
[Licensing::Client] Successfully resolved entitlement details
[Licensing::Module] License group:
  Id: F4-4MJP-GH87-RW5W-EW57-XXXX
  Product: Unity Personal
  Type: ULF
  Expiration: 2025-12-29T06:28:10Z
[Licensing::Module] License group:
  Id: ewogICJzdWJzR3JvdXAiIDogInVuaXR5IGVkaXRvciIsCiAgIm5hbWVzcGFjZSIgOiAidW5pdHlfZWRpdG9yIiwKICAidHlwZSIgOiAiRURJVE9SIiwKICAidGFnIiA6ICJVbml0eVBlcnNvbmFsXXXX
  Product: Unity Personal Version
  Type: Assigned
  Expiration: Unlimited
- Loaded All Assemblies, in  0.597 seconds
Refreshing native plugins compatible for Editor in 0.42 ms, found 3 plugins.
Native extension for iOS target not found
Native extension for WindowsStandalone target not found
Native extension for OSXStandalone target not found
Native extension for WebGL target not found
Package Manager log level set to [2]
[Package Manager] Failed to launch server process. Reason: Unity was launched with the -noUpm command-line argument
[Package Manager] Unable to send message (not connected to server process).
[Package Manager] Cannot connect to Unity Package Manager local server
Mono: successfully reloaded assembly
- Finished resetting the current domain, in  0.758 seconds
Domain Reload Profiling: 1351ms
	BeginReloadAssembly (107ms)
		ExecutionOrderSort (0ms)
		DisableScriptedObjects (4ms)
		BackupInstance (0ms)
		ReleaseScriptingObjects (0ms)
		CreateAndSetChildDomain (28ms)
	RebuildCommonClasses (34ms)
	RebuildNativeTypeToScriptingClass (11ms)
	initialDomainReloadingComplete (24ms)
	LoadAllAssembliesAndSetupDomain (417ms)
		LoadAssemblies (243ms)
		RebuildTransferFunctionScriptingTraits (0ms)
		AnalyzeDomain (216ms)
			TypeCache.Refresh (173ms)
				TypeCache.ScanAssembly (158ms)
			BuildScriptInfoCaches (33ms)
			ResolveRequiredComponents (8ms)
	FinalizeReload (759ms)
		ReleaseScriptCaches (0ms)
		RebuildScriptCaches (0ms)
		SetupLoadedEditorAssemblies (659ms)
			LogAssemblyErrors (0ms)
			InitializePlatformSupportModulesInManaged (11ms)
			SetLoadedEditorAssemblies (5ms)
			BeforeProcessingInitializeOnLoad (121ms)
			ProcessInitializeOnLoadAttributes (432ms)
			ProcessInitializeOnLoadMethodAttributes (89ms)
			AfterProcessingInitializeOnLoad (1ms)
			EditorAssembliesLoaded (0ms)
		ExecutionOrderSort2 (0ms)
		AwakeInstancesAfterBackupRestoration (2ms)
Launching external process: /Applications/Unity/Hub/Editor/6000.2.6f2/Unity.app/Contents/Tools/UnityShaderCompiler
Launched and connected shader compiler UnityShaderCompiler after 0.21 seconds
Refreshing native plugins compatible for Editor in 0.57 ms, found 3 plugins.
Preloading 0 native plugins for Editor in 0.00 ms.
Unloading 37 Unused Serialized files (Serialized files now loaded: 0)
Unloading 6800 unused Assets / (8.1 MB). Loaded Objects now: 7483.
Memory consumption went from 138.3 MB to 130.2 MB.
Total: 22.076500 ms (FindLiveObjects: 2.444792 ms CreateObjectMapping: 0.215125 ms MarkObjects: 14.812500 ms  DeleteObjects: 4.602083 ms)

========================================================================
Received Prepare
Begin MonoManager ReloadAssembly
Thread 0x305dd3000 may have been prematurely finalized
- Loaded All Assemblies, in  0.893 seconds
Refreshing native plugins compatible for Editor in 0.47 ms, found 3 plugins.
Native extension for iOS target not found
Native extension for WindowsStandalone target not found
Native extension for OSXStandalone target not found
Native extension for WebGL target not found
[Package Manager] Failed to launch server process. Reason: Unity was launched with the -noUpm command-line argument
[Package Manager] Unable to send message (not connected to server process).
[Package Manager] Cannot connect to Unity Package Manager local server
Mono: successfully reloaded assembly
- Finished resetting the current domain, in  0.723 seconds
Domain Reload Profiling: 1620ms
	BeginReloadAssembly (267ms)
		ExecutionOrderSort (0ms)
		DisableScriptedObjects (20ms)
		BackupInstance (0ms)
		ReleaseScriptingObjects (1ms)
		CreateAndSetChildDomain (119ms)
	RebuildCommonClasses (41ms)
	RebuildNativeTypeToScriptingClass (12ms)
	initialDomainReloadingComplete (23ms)
	LoadAllAssembliesAndSetupDomain (554ms)
		LoadAssemblies (317ms)
		RebuildTransferFunctionScriptingTraits (0ms)
		AnalyzeDomain (274ms)
			TypeCache.Refresh (24ms)
				TypeCache.ScanAssembly (0ms)
			BuildScriptInfoCaches (226ms)
			ResolveRequiredComponents (18ms)
	FinalizeReload (723ms)
		ReleaseScriptCaches (0ms)
		RebuildScriptCaches (0ms)
		SetupLoadedEditorAssemblies (597ms)
			LogAssemblyErrors (0ms)
			InitializePlatformSupportModulesInManaged (28ms)
			SetLoadedEditorAssemblies (7ms)
			BeforeProcessingInitializeOnLoad (145ms)
			ProcessInitializeOnLoadAttributes (376ms)
			ProcessInitializeOnLoadMethodAttributes (40ms)
			AfterProcessingInitializeOnLoad (1ms)
			EditorAssembliesLoaded (0ms)
		ExecutionOrderSort2 (0ms)
		AwakeInstancesAfterBackupRestoration (8ms)
Refreshing native plugins compatible for Editor in 0.48 ms, found 3 plugins.
Preloading 0 native plugins for Editor in 0.00 ms.
Unloading 36 Unused Serialized files (Serialized files now loaded: 0)
Unloading 6798 unused Assets / (6.2 MB). Loaded Objects now: 7487.
Memory consumption went from 151.3 MB to 145.2 MB.
Total: 6.874042 ms (FindLiveObjects: 0.316292 ms CreateObjectMapping: 0.180625 ms MarkObjects: 4.384500 ms  DeleteObjects: 1.992250 ms)

Prepare: number of updated asset objects reloaded= 0
========================================================================
Received Import Request.
  Time since last request: 1781928.245368 seconds.
  path: Assets/pic/weakmonster/去背的截圖 2025-12-06 晚上11.00.48.png
  artifactKey: Guid(bf48faa3d247c486fa8e1ad7434c107b) Importer(815301076,1909f56bfc062723c751e8b465ee728b)
Start importing Assets/pic/weakmonster/去背的截圖 2025-12-06 晚上11.00.48.png using Guid(bf48faa3d247c486fa8e1ad7434c107b) Importer(815301076,1909f56bfc062723c751e8b465ee728b) (PreviewImporter) -> (artifact id: '1b95a7028e2966054f6e0c63a5e2bb80') in 0.19462375 seconds
Number of updated asset objects reloaded before import = 0Number of asset objects unloaded after import = 3

========================================================================
Received Prepare
Begin MonoManager ReloadAssembly
Thread 0x16f397000 may have been prematurely finalized
- Loaded All Assemblies, in  0.805 seconds
Refreshing native plugins compatible for Editor in 0.44 ms, found 3 plugins.
Native extension for iOS target not found
Native extension for WindowsStandalone target not found
Native extension for OSXStandalone target not found
Native extension for WebGL target not found
[Package Manager] Failed to launch server process. Reason: Unity was launched with the -noUpm command-line argument
[Package Manager] Unable to send message (not connected to server process).
[Package Manager] Cannot connect to Unity Package Manager local server
Mono: successfully reloaded assembly
- Finished resetting the current domain, in  0.711 seconds
Domain Reload Profiling: 1520ms
	BeginReloadAssembly (223ms)
		ExecutionOrderSort (0ms)
		DisableScriptedObjects (24ms)
		BackupInstance (0ms)
		ReleaseScriptingObjects (0ms)
		CreateAndSetChildDomain (85ms)
	RebuildCommonClasses (37ms)
	RebuildNativeTypeToScriptingClass (11ms)
	initialDomainReloadingComplete (22ms)
	LoadAllAssembliesAndSetupDomain (516ms)
		LoadAssemblies (297ms)
		RebuildTransferFunctionScriptingTraits (0ms)
		AnalyzeDomain (261ms)
			TypeCache.Refresh (33ms)
				TypeCache.ScanAssembly (0ms)
			BuildScriptInfoCaches (216ms)
			ResolveRequiredComponents (9ms)
	FinalizeReload (712ms)
		ReleaseScriptCaches (0ms)
		RebuildScriptCaches (0ms)
		SetupLoadedEditorAssemblies (574ms)
			LogAssemblyErrors (0ms)
			InitializePlatformSupportModulesInManaged (20ms)
			SetLoadedEditorAssemblies (5ms)
			BeforeProcessingInitializeOnLoad (134ms)
			ProcessInitializeOnLoadAttributes (371ms)
			ProcessInitializeOnLoadMethodAttributes (43ms)
			AfterProcessingInitializeOnLoad (1ms)
			EditorAssembliesLoaded (0ms)
		ExecutionOrderSort2 (0ms)
		AwakeInstancesAfterBackupRestoration (8ms)
Refreshing native plugins compatible for Editor in 0.49 ms, found 3 plugins.
Preloading 0 native plugins for Editor in 0.00 ms.
Unloading 36 Unused Serialized files (Serialized files now loaded: 0)
Unloading 6798 unused Assets / (6.8 MB). Loaded Objects now: 7499.
Memory consumption went from 153.9 MB to 147.1 MB.
Total: 7.116000 ms (FindLiveObjects: 0.353167 ms CreateObjectMapping: 0.182708 ms MarkObjects: 4.447042 ms  DeleteObjects: 2.132292 ms)

Prepare: number of updated asset objects reloaded= 0
========================================================================
Received Prepare
Begin MonoManager ReloadAssembly
[Licensing::Client] Successfully resolved entitlement details
[Licensing::Module] License group:
  Id: F4-4MJP-GH87-RW5W-EW57-XXXX
  Product: Unity Personal
  Type: ULF
  Expiration: 2025-12-29T06:28:10Z
[Licensing::Module] License group:
  Id: ewogICJzdWJzR3JvdXAiIDogInVuaXR5IGVkaXRvciIsCiAgIm5hbWVzcGFjZSIgOiAidW5pdHlfZWRpdG9yIiwKICAidHlwZSIgOiAiRURJVE9SIiwKICAidGFnIiA6ICJVbml0eVBlcnNvbmFsXXXX
  Product: Unity Personal Version
  Type: Assigned
  Expiration: Unlimited
Thread 0x16f423000 may have been prematurely finalized
- Loaded All Assemblies, in  0.865 seconds
Refreshing native plugins compatible for Editor in 0.44 ms, found 3 plugins.
Native extension for iOS target not found
Native extension for WindowsStandalone target not found
Native extension for OSXStandalone target not found
Native extension for WebGL target not found
[Package Manager] Failed to launch server process. Reason: Unity was launched with the -noUpm command-line argument
[Package Manager] Unable to send message (not connected to server process).
[Package Manager] Cannot connect to Unity Package Manager local server
Mono: successfully reloaded assembly
- Finished resetting the current domain, in  0.755 seconds
Domain Reload Profiling: 1623ms
	BeginReloadAssembly (246ms)
		ExecutionOrderSort (0ms)
		DisableScriptedObjects (26ms)
		BackupInstance (0ms)
		ReleaseScriptingObjects (1ms)
		CreateAndSetChildDomain (96ms)
	RebuildCommonClasses (39ms)
	RebuildNativeTypeToScriptingClass (13ms)
	initialDomainReloadingComplete (25ms)
	LoadAllAssembliesAndSetupDomain (545ms)
		LoadAssemblies (326ms)
		RebuildTransferFunctionScriptingTraits (0ms)
		AnalyzeDomain (264ms)
			TypeCache.Refresh (36ms)
				TypeCache.ScanAssembly (0ms)
			BuildScriptInfoCaches (201ms)
			ResolveRequiredComponents (21ms)
	FinalizeReload (755ms)
		ReleaseScriptCaches (0ms)
		RebuildScriptCaches (0ms)
		SetupLoadedEditorAssemblies (628ms)
			LogAssemblyErrors (0ms)
			InitializePlatformSupportModulesInManaged (19ms)
			SetLoadedEditorAssemblies (6ms)
			BeforeProcessingInitializeOnLoad (180ms)
			ProcessInitializeOnLoadAttributes (375ms)
			ProcessInitializeOnLoadMethodAttributes (46ms)
			AfterProcessingInitializeOnLoad (2ms)
			EditorAssembliesLoaded (0ms)
		ExecutionOrderSort2 (0ms)
		AwakeInstancesAfterBackupRestoration (8ms)
Refreshing native plugins compatible for Editor in 0.48 ms, found 3 plugins.
Preloading 0 native plugins for Editor in 0.00 ms.
Unloading 36 Unused Serialized files (Serialized files now loaded: 0)
Unloading 6798 unused Assets / (6.6 MB). Loaded Objects now: 7502.
Memory consumption went from 152.7 MB to 146.2 MB.
Total: 7.506542 ms (FindLiveObjects: 0.337250 ms CreateObjectMapping: 0.262583 ms MarkObjects: 4.465167 ms  DeleteObjects: 2.438292 ms)

Prepare: number of updated asset objects reloaded= 0
========================================================================
Received Import Request.
  Time since last request: 38.555028 seconds.
  path: Assets/pic/strongmonster/去背的截圖 2025-12-07 下午1.28.01.png
  artifactKey: Guid(8a310c695ef0e4f57a0854bac4fcb26b) Importer(815301076,1909f56bfc062723c751e8b465ee728b)
Start importing Assets/pic/strongmonster/去背的截圖 2025-12-07 下午1.28.01.png using Guid(8a310c695ef0e4f57a0854bac4fcb26b) Importer(815301076,1909f56bfc062723c751e8b465ee728b) (PreviewImporter) -> (artifact id: 'f0605d1061ddf3cc2d98c5f16f356175') in 0.105946584 seconds
Number of updated asset objects reloaded before import = 0Number of asset objects unloaded after import = 3

========================================================================
Received Import Request.
  Time since last request: 0.000091 seconds.
  path: Assets/pic/strongmonster/去背的截圖 2025-12-07 下午1.29.44.png
  artifactKey: Guid(3ac34210c3ab148948ad8294d5c00750) Importer(815301076,1909f56bfc062723c751e8b465ee728b)
Start importing Assets/pic/strongmonster/去背的截圖 2025-12-07 下午1.29.44.png using Guid(3ac34210c3ab148948ad8294d5c00750) Importer(815301076,1909f56bfc062723c751e8b465ee728b) (PreviewImporter) -> (artifact id: 'be2f34f664a30e67bae9ae7982b5e443') in 0.010658167 seconds
Number of updated asset objects reloaded before import = 0Number of asset objects unloaded after import = 3

========================================================================
Received Import Request.
  Time since last request: 15.603367 seconds.
  path: Assets/pic/strongmonster/去背的截圖 2025-12-07 下午1.28.01.png
  artifactKey: Guid(8a310c695ef0e4f57a0854bac4fcb26b) Importer(815301076,1909f56bfc062723c751e8b465ee728b)
Start importing Assets/pic/strongmonster/去背的截圖 2025-12-07 下午1.28.01.png using Guid(8a310c695ef0e4f57a0854bac4fcb26b) Importer(815301076,1909f56bfc062723c751e8b465ee728b) (PreviewImporter) -> (artifact id: '2dee7877b3de2acc8f7e5602a8bc5e20') in 0.071690417 seconds
Number of updated asset objects reloaded before import = 0Number of asset objects unloaded after import = 3

========================================================================
Received Import Request.
  Time since last request: 3.051037 seconds.
  path: Assets/pic/monster1/去背的截圖 2025-12-06 晚上10.48.58.png
  artifactKey: Guid(23e2713111353441da0d7aeda4a8d155) Importer(815301076,1909f56bfc062723c751e8b465ee728b)
Start importing Assets/pic/monster1/去背的截圖 2025-12-06 晚上10.48.58.png using Guid(23e2713111353441da0d7aeda4a8d155) Importer(815301076,1909f56bfc062723c751e8b465ee728b) (PreviewImporter) -> (artifact id: '45606cf0febdd6e4a72b4c0a1eaedf8d') in 0.042093833 seconds
Number of updated asset objects reloaded before import = 0Number of asset objects unloaded after import = 3

========================================================================
Received Import Request.
  Time since last request: 0.000160 seconds.
  path: Assets/pic/monster1/去背的截圖 2025-12-06 晚上10.52.51.png
  artifactKey: Guid(6cb029600ec3e4193a0868a836656237) Importer(815301076,1909f56bfc062723c751e8b465ee728b)
Start importing Assets/pic/monster1/去背的截圖 2025-12-06 晚上10.52.51.png using Guid(6cb029600ec3e4193a0868a836656237) Importer(815301076,1909f56bfc062723c751e8b465ee728b) (PreviewImporter) -> (artifact id: '43f02767a74b9f15100c20c1e900ebe6') in 0.011792209 seconds
Number of updated asset objects reloaded before import = 0Number of asset objects unloaded after import = 3

========================================================================
Received Import Request.
  Time since last request: 8.305262 seconds.
  path: Assets/pic/monster1/去背的截圖 2025-12-06 晚上10.48.58.png
  artifactKey: Guid(23e2713111353441da0d7aeda4a8d155) Importer(815301076,1909f56bfc062723c751e8b465ee728b)
Start importing Assets/pic/monster1/去背的截圖 2025-12-06 晚上10.48.58.png using Guid(23e2713111353441da0d7aeda4a8d155) Importer(815301076,1909f56bfc062723c751e8b465ee728b) (PreviewImporter) -> (artifact id: '888d55fb882bc0b47617da46dccef877') in 0.030053583 seconds
Number of updated asset objects reloaded before import = 0Number of asset objects unloaded after import = 3

========================================================================
Received Import Request.
  Time since last request: 0.000116 seconds.
  path: Assets/pic/monster1/去背的截圖 2025-12-06 晚上10.53.21.png
  artifactKey: Guid(56f5b935d562841ea88e262e35060bc7) Importer(815301076,1909f56bfc062723c751e8b465ee728b)
Start importing Assets/pic/monster1/去背的截圖 2025-12-06 晚上10.53.21.png using Guid(56f5b935d562841ea88e262e35060bc7) Importer(815301076,1909f56bfc062723c751e8b465ee728b) (PreviewImporter) -> (artifact id: 'de5a184e38235bb839e1194cfd6b16a2') in 0.0121425 seconds
Number of updated asset objects reloaded before import = 0Number of asset objects unloaded after import = 3

========================================================================
Received Prepare
Begin MonoManager ReloadAssembly
Thread 0x305dd3000 may have been prematurely finalized
- Loaded All Assemblies, in  0.866 seconds
Refreshing native plugins compatible for Editor in 0.50 ms, found 3 plugins.
Native extension for iOS target not found
Native extension for WindowsStandalone target not found
Native extension for OSXStandalone target not found
Native extension for WebGL target not found
[Package Manager] Failed to launch server process. Reason: Unity was launched with the -noUpm command-line argument
[Package Manager] Unable to send message (not connected to server process).
[Package Manager] Cannot connect to Unity Package Manager local server
Mono: successfully reloaded assembly
- Finished resetting the current domain, in  0.776 seconds
Domain Reload Profiling: 1646ms
	BeginReloadAssembly (251ms)
		ExecutionOrderSort (0ms)
		DisableScriptedObjects (29ms)
		BackupInstance (0ms)
		ReleaseScriptingObjects (0ms)
		CreateAndSetChildDomain (97ms)
	RebuildCommonClasses (39ms)
	RebuildNativeTypeToScriptingClass (12ms)
	initialDomainReloadingComplete (26ms)
	LoadAllAssembliesAndSetupDomain (542ms)
		LoadAssemblies (355ms)
		RebuildTransferFunctionScriptingTraits (0ms)
		AnalyzeDomain (239ms)
			TypeCache.Refresh (37ms)
				TypeCache.ScanAssembly (0ms)
			BuildScriptInfoCaches (188ms)
			ResolveRequiredComponents (10ms)
	FinalizeReload (777ms)
		ReleaseScriptCaches (0ms)
		RebuildScriptCaches (0ms)
		SetupLoadedEditorAssemblies (653ms)
			LogAssemblyErrors (0ms)
			InitializePlatformSupportModulesInManaged (20ms)
			SetLoadedEditorAssemblies (8ms)
			BeforeProcessingInitializeOnLoad (198ms)
			ProcessInitializeOnLoadAttributes (380ms)
			ProcessInitializeOnLoadMethodAttributes (46ms)
			AfterProcessingInitializeOnLoad (1ms)
			EditorAssembliesLoaded (0ms)
		ExecutionOrderSort2 (0ms)
		AwakeInstancesAfterBackupRestoration (10ms)
Refreshing native plugins compatible for Editor in 0.49 ms, found 3 plugins.
Preloading 0 native plugins for Editor in 0.00 ms.
Unloading 36 Unused Serialized files (Serialized files now loaded: 0)
Unloading 6798 unused Assets / (6.2 MB). Loaded Objects now: 7518.
Memory consumption went from 152.0 MB to 145.8 MB.
Total: 6.838500 ms (FindLiveObjects: 0.336583 ms CreateObjectMapping: 0.226959 ms MarkObjects: 4.354916 ms  DeleteObjects: 1.919625 ms)

Prepare: number of updated asset objects reloaded= 0
========================================================================
Received Import Request.
  Time since last request: 574.533347 seconds.
  path: Assets/Scripts/UIManager.cs
  artifactKey: Guid(9fef8acace3db1540a0a358b9d9c4ee1) Importer(2089858483,192608db42251d675da83286b1cce702)
Start importing Assets/Scripts/UIManager.cs using Guid(9fef8acace3db1540a0a358b9d9c4ee1) Importer(2089858483,192608db42251d675da83286b1cce702) (ScriptedImporter) -> (artifact id: 'caccb3e17cf7ed4dcd950ff6ef27f0af') in 0.24805675 seconds
Number of updated asset objects reloaded before import = 0Number of asset objects unloaded after import = 0

========================================================================
Received Import Request.
  Time since last request: 0.000133 seconds.
  path: Assets/Scripts/GameManager.cs
  artifactKey: Guid(09b11e50edf29e94da28d1cee41cbf44) Importer(2089858483,192608db42251d675da83286b1cce702)
Start importing Assets/Scripts/GameManager.cs using Guid(09b11e50edf29e94da28d1cee41cbf44) Importer(2089858483,192608db42251d675da83286b1cce702) (ScriptedImporter) -> (artifact id: '89151fb0a23e6ba46c7b64a7acd8e3a7') in 0.003376292 seconds
Number of updated asset objects reloaded before import = 0Number of asset objects unloaded after import = 0

========================================================================
Received Import Request.
  Time since last request: 0.000104 seconds.
  path: Assets/pic/weakmonster
  artifactKey: Guid(5be6bd89f39fd426498cc47d88134f1e) Importer(2089858483,192608db42251d675da83286b1cce702)
Start importing Assets/pic/weakmonster using Guid(5be6bd89f39fd426498cc47d88134f1e) Importer(2089858483,192608db42251d675da83286b1cce702) (ScriptedImporter) -> (artifact id: 'cafec56c0790d3f00bcfef0846c32ac5') in 0.003850416 seconds
Number of updated asset objects reloaded before import = 0Number of asset objects unloaded after import = 1

========================================================================
Received Import Request.
  Time since last request: 0.000077 seconds.
  path: Assets/_Recovery/0.unity
  artifactKey: Guid(1726b923033c84e6b987e5db63cc4b94) Importer(2089858483,192608db42251d675da83286b1cce702)
Start importing Assets/_Recovery/0.unity using Guid(1726b923033c84e6b987e5db63cc4b94) Importer(2089858483,192608db42251d675da83286b1cce702) (ScriptedImporter) -> (artifact id: 'ddddcb823b28f543b9be90bc14d967ee') in 0.010397375 seconds
Number of updated asset objects reloaded before import = 0Number of asset objects unloaded after import = 1

========================================================================
Received Import Request.
  Time since last request: 0.000105 seconds.
  path: Assets/Itemprefab.prefab
  artifactKey: Guid(23ae7b09da4004495be63603a2058fbf) Importer(2089858483,192608db42251d675da83286b1cce702)
Start importing Assets/Itemprefab.prefab using Guid(23ae7b09da4004495be63603a2058fbf) Importer(2089858483,192608db42251d675da83286b1cce702) (ScriptedImporter) -> (artifact id: '38e6c9762de9b8f22e9599584da79878') in 0.123071792 seconds
Number of updated asset objects reloaded before import = 0Number of asset objects unloaded after import = 28

========================================================================
Received Import Request.
  Time since last request: 0.000053 seconds.
  path: Assets/_Recovery
  artifactKey: Guid(1bebd73f6b0e9445a8be5ad5e38934dd) Importer(2089858483,192608db42251d675da83286b1cce702)
Start importing Assets/_Recovery using Guid(1bebd73f6b0e9445a8be5ad5e38934dd) Importer(2089858483,192608db42251d675da83286b1cce702) (ScriptedImporter) -> (artifact id: 'e9a17ad61f3077fddaf8fe353ec60e2a') in 0.004760167 seconds
Number of updated asset objects reloaded before import = 0Number of asset objects unloaded after import = 1

========================================================================
Received Import Request.
  Time since last request: 0.000039 seconds.
  path: Assets/Scripts/Enemy.cs
  artifactKey: Guid(1a9d56c7563fc8e45ba145aa17751a78) Importer(2089858483,192608db42251d675da83286b1cce702)
Start importing Assets/Scripts/Enemy.cs using Guid(1a9d56c7563fc8e45ba145aa17751a78) Importer(2089858483,192608db42251d675da83286b1cce702) (ScriptedImporter) -> (artifact id: 'fca9b30c31984e751801da4f9cef24cb') in 0.003258791 seconds
Number of updated asset objects reloaded before import = 0Number of asset objects unloaded after import = 0

========================================================================
Received Import Request.
  Time since last request: 0.000319 seconds.
  path: Assets/pic/monster1/去背的截圖 2025-12-06 晚上10.53.53.png
  artifactKey: Guid(efb80d010d7b2431fbbe5edae016fcb6) Importer(2089858483,192608db42251d675da83286b1cce702)
Start importing Assets/pic/monster1/去背的截圖 2025-12-06 晚上10.53.53.png using Guid(efb80d010d7b2431fbbe5edae016fcb6) Importer(2089858483,192608db42251d675da83286b1cce702) (ScriptedImporter) -> (artifact id: '7d95e2842dafd98078892284e18c6631') in 0.060882417 seconds
Number of updated asset objects reloaded before import = 0Number of asset objects unloaded after import = 3

========================================================================
Received Import Request.
  Time since last request: 0.000039 seconds.
  path: Assets/pic/strongmonster/去背的截圖 2025-12-07 下午1.28.01.png
  artifactKey: Guid(8a310c695ef0e4f57a0854bac4fcb26b) Importer(2089858483,192608db42251d675da83286b1cce702)
Start importing Assets/pic/strongmonster/去背的截圖 2025-12-07 下午1.28.01.png using Guid(8a310c695ef0e4f57a0854bac4fcb26b) Importer(2089858483,192608db42251d675da83286b1cce702) (ScriptedImporter) -> (artifact id: '7d3791287fee19ae868a875fe3c01cfc') in 0.016467666 seconds
Number of updated asset objects reloaded before import = 0Number of asset objects unloaded after import = 3

========================================================================
Received Import Request.
  Time since last request: 0.000041 seconds.
  path: Assets/pic/weakmonster/去背的截圖 2025-12-06 晚上11.02.10.png
  artifactKey: Guid(b41de40064a644a13b4006d6a6d95457) Importer(2089858483,192608db42251d675da83286b1cce702)
Start importing Assets/pic/weakmonster/去背的截圖 2025-12-06 晚上11.02.10.png using Guid(b41de40064a644a13b4006d6a6d95457) Importer(2089858483,192608db42251d675da83286b1cce702) (ScriptedImporter) -> (artifact id: '0030c15377fd5400ed8521777a73b7ff') in 0.019078125 seconds
Number of updated asset objects reloaded before import = 0Number of asset objects unloaded after import = 3

========================================================================
Received Import Request.
  Time since last request: 0.000059 seconds.
  path: Assets/pic/strongmonster/anitype3.anim
  artifactKey: Guid(3b3235d18df4b4ff5b04e88bc02681a9) Importer(2089858483,192608db42251d675da83286b1cce702)
Start importing Assets/pic/strongmonster/anitype3.anim using Guid(3b3235d18df4b4ff5b04e88bc02681a9) Importer(2089858483,192608db42251d675da83286b1cce702) (ScriptedImporter) -> (artifact id: '5c7a5dba99080b9c8d09f2fc41c97db9') in 0.019019208 seconds
Number of updated asset objects reloaded before import = 0Number of asset objects unloaded after import = 1

========================================================================
Received Import Request.
  Time since last request: 0.000072 seconds.
  path: Assets/pic/strongmonster/去背的截圖 2025-12-07 下午1.29.44.png
  artifactKey: Guid(3ac34210c3ab148948ad8294d5c00750) Importer(2089858483,192608db42251d675da83286b1cce702)
Start importing Assets/pic/strongmonster/去背的截圖 2025-12-07 下午1.29.44.png using Guid(3ac34210c3ab148948ad8294d5c00750) Importer(2089858483,192608db42251d675da83286b1cce702) (ScriptedImporter) -> (artifact id: '7a69faeced952bbf72a9eeac8e075119') in 0.015567625 seconds
Number of updated asset objects reloaded before import = 0Number of asset objects unloaded after import = 3

========================================================================
Received Import Request.
  Time since last request: 0.000058 seconds.
  path: Assets/pic/weakmonster/ani1.anim
  artifactKey: Guid(16aeb9b7826d849aca518927ec432402) Importer(2089858483,192608db42251d675da83286b1cce702)
Start importing Assets/pic/weakmonster/ani1.anim using Guid(16aeb9b7826d849aca518927ec432402) Importer(2089858483,192608db42251d675da83286b1cce702) (ScriptedImporter) -> (artifact id: '32c5e99bae074d0238dae010aa0a2048') in 0.005909458 seconds
Number of updated asset objects reloaded before import = 0Number of asset objects unloaded after import = 1

========================================================================
Received Import Request.
  Time since last request: 0.000051 seconds.
  path: Assets/pic/monster1/ani2.anim
  artifactKey: Guid(1b071aab66c074b3dbb0139905ce2035) Importer(2089858483,192608db42251d675da83286b1cce702)
Start importing Assets/pic/monster1/ani2.anim using Guid(1b071aab66c074b3dbb0139905ce2035) Importer(2089858483,192608db42251d675da83286b1cce702) (ScriptedImporter) -> (artifact id: '06d80d0144034d58d113b9342321783f') in 0.007647625 seconds
Number of updated asset objects reloaded before import = 0Number of asset objects unloaded after import = 1

========================================================================
Received Import Request.
  Time since last request: 0.000112 seconds.
  path: Assets/pic/monster1/去背的截圖 2025-12-06 晚上10.48.58.png
  artifactKey: Guid(23e2713111353441da0d7aeda4a8d155) Importer(2089858483,192608db42251d675da83286b1cce702)
Start importing Assets/pic/monster1/去背的截圖 2025-12-06 晚上10.48.58.png using Guid(23e2713111353441da0d7aeda4a8d155) Importer(2089858483,192608db42251d675da83286b1cce702) (ScriptedImporter) -> (artifact id: '32ca7874a0856e76f380bb5642e118b5') in 0.015305792 seconds
Number of updated asset objects reloaded before import = 0Number of asset objects unloaded after import = 3

Editor requested this worker to shutdown with reason: Scaling down because of idle timeout
AssetImportWorker is now disconnected from the server
Process exiting
